<?xml version="1.0" encoding="UTF-8"?>
<!-- Generated by org.testng.reporters.JUnitReportReporter -->
<testsuite hostname="Ashok-PC" name="com.pack.JenkinsDemo.SampleTestCase" tests="1" failures="0" timestamp="29 Sep 2016 02:41:37 GMT" time="0.006" errors="0">
  <testcase name="verifyGooglePageTitle" time="0.006" classname="com.pack.JenkinsDemo.SampleTestCase"/>
</testsuite> <!-- com.pack.JenkinsDemo.SampleTestCase -->
